<?xml version="1.0" encoding="UTF-8"?>
<!-- Generated by org.testng.reporters.JUnitReportReporter -->
<testsuite hostname="MPSTL022" name="com.magplus.Add_New_Issue" tests="2" failures="0" timestamp="4 May 2017 10:30:32 GMT" time="36.487" errors="0">
  <testcase name="Publish_Login" time="14.344" classname="com.magplus.Add_New_Issue"/>
  <testcase name="Add_Issue" time="22.143" classname="com.magplus.Add_New_Issue"/>
</testsuite> <!-- com.magplus.Add_New_Issue -->
